# JRE version: Java(TM) SE Runtime Environment (10.0.2+13) (build 10.0.2+13)
# Java VM: Java HotSpot(TM) 64-Bit Server VM (10.0.2+13, mixed mode, tiered, compressed oops, g1 gc, windows-amd64)
Heap:
 garbage-first heap   total 378880K, used 232427K [0x00000006c0e00000, 0x00000007c0000000)
  region size 1024K, 222 young (227328K), 1 survivors (1024K)
 Metaspace       used 17392K, capacity 17632K, committed 17920K, reserved 1064960K
  class space    used 1612K, capacity 1748K, committed 1792K, reserved 1048576K
GC Heap History (10 events):
Event: 101.647 GC heap after
{Heap after GC invocations=980 (full 0):
 garbage-first heap   total 378880K, used 6127K [0x00000006c0e00000, 0x00000007c0000000)
  region size 1024K, 1 young (1024K), 1 survivors (1024K)
 Metaspace       used 17369K, capacity 17632K, committed 17920K, reserved 1064960K
  class space    used 1611K, capacity 1748K, committed 1792K, reserved 1048576K
}
Event: 101.750 GC heap before
{Heap before GC invocations=980 (full 0):
 garbage-first heap   total 378880K, used 232431K [0x00000006c0e00000, 0x00000007c0000000)
  region size 1024K, 222 young (227328K), 1 survivors (1024K)
 Metaspace       used 17369K, capacity 17632K, committed 17920K, reserved 1064960K
  class space    used 1611K, capacity 1748K, committed 1792K, reserved 1048576K
}
Event: 101.751 GC heap after
{Heap after GC invocations=981 (full 0):
 garbage-first heap   total 378880K, used 6127K [0x00000006c0e00000, 0x00000007c0000000)
  region size 1024K, 1 young (1024K), 1 survivors (1024K)
 Metaspace       used 17369K, capacity 17632K, committed 17920K, reserved 1064960K
  class space    used 1611K, capacity 1748K, committed 1792K, reserved 1048576K
}
Event: 101.849 GC heap before
{Heap before GC invocations=981 (full 0):
 garbage-first heap   total 378880K, used 232431K [0x00000006c0e00000, 0x00000007c0000000)
  region size 1024K, 222 young (227328K), 1 survivors (1024K)
 Metaspace       used 17369K, capacity 17632K, committed 17920K, reserved 1064960K
  class space    used 1611K, capacity 1748K, committed 1792K, reserved 1048576K
}
Event: 101.849 GC heap after
{Heap after GC invocations=982 (full 0):
 garbage-first heap   total 378880K, used 6127K [0x00000006c0e00000, 0x00000007c0000000)
  region size 1024K, 1 young (1024K), 1 survivors (1024K)
 Metaspace       used 17369K, capacity 17632K, committed 17920K, reserved 1064960K
  class space    used 1611K, capacity 1748K, committed 1792K, reserved 1048576K
}
Event: 101.947 GC heap before
{Heap before GC invocations=982 (full 0):
 garbage-first heap   total 378880K, used 232431K [0x00000006c0e00000, 0x00000007c0000000)
  region size 1024K, 222 young (227328K), 1 survivors (1024K)
 Metaspace       used 17369K, capacity 17632K, committed 17920K, reserved 1064960K
  class space    used 1611K, capacity 1748K, committed 1792K, reserved 1048576K
}
Event: 101.948 GC heap after
{Heap after GC invocations=983 (full 0):
 garbage-first heap   total 378880K, used 6125K [0x00000006c0e00000, 0x00000007c0000000)
  region size 1024K, 1 young (1024K), 1 survivors (1024K)
 Metaspace       used 17369K, capacity 17632K, committed 17920K, reserved 1064960K
  class space    used 1611K, capacity 1748K, committed 1792K, reserved 1048576K
}
Event: 102.060 GC heap before
{Heap before GC invocations=983 (full 0):
 garbage-first heap   total 378880K, used 232429K [0x00000006c0e00000, 0x00000007c0000000)
  region size 1024K, 222 young (227328K), 1 survivors (1024K)
 Metaspace       used 17369K, capacity 17632K, committed 17920K, reserved 1064960K
  class space    used 1611K, capacity 1748K, committed 1792K, reserved 1048576K
}
Event: 102.061 GC heap after
{Heap after GC invocations=984 (full 0):
 garbage-first heap   total 378880K, used 6123K [0x00000006c0e00000, 0x00000007c0000000)
  region size 1024K, 1 young (1024K), 1 survivors (1024K)
 Metaspace       used 17369K, capacity 17632K, committed 17920K, reserved 1064960K
  class space    used 1611K, capacity 1748K, committed 1792K, reserved 1048576K
}
Event: 102.196 GC heap before
{Heap before GC invocations=984 (full 0):
 garbage-first heap   total 378880K, used 232427K [0x00000006c0e00000, 0x00000007c0000000)
  region size 1024K, 222 young (227328K), 1 survivors (1024K)
 Metaspace       used 17392K, capacity 17632K, committed 17920K, reserved 1064960K
  class space    used 1612K, capacity 1748K, committed 1792K, reserved 1048576K
}

